2026-06-05 00:15:32.860 INFO  [main] server.ServerApplicationKt - Starting ServerApplicationKt using Java 25.0.3 with PID 96266 (/home/ian-muyala/IdeaProjects/End2EndEncryption/server/target/classes started by ian-muyala in /home/ian-muyala/IdeaProjects/End2EndEncryption/server)
2026-06-05 00:15:32.865 DEBUG [main] server.ServerApplicationKt - Running with Spring Boot v4.0.6, Spring v7.0.7
2026-06-05 00:15:32.866 INFO  [main] server.ServerApplicationKt - No active profile set, falling back to 1 default profile: "default"
2026-06-05 00:15:32.924 INFO  [main] o.s.b.d.c.l.DockerComposeLifecycleManager - Using Docker Compose file /home/ian-muyala/IdeaProjects/End2EndEncryption/server/compose.yaml
2026-06-05 00:15:33.284 INFO  [OutputReader-stderr] o.s.b.docker.compose.core.DockerCli -  Container kafka Starting 
2026-06-05 00:15:33.284 INFO  [OutputReader-stderr] o.s.b.docker.compose.core.DockerCli -  Container server-postgres-1 Starting 
2026-06-05 00:15:33.285 INFO  [OutputReader-stderr] o.s.b.docker.compose.core.DockerCli -  Container server-grafana-lgtm-1 Starting 
2026-06-05 00:15:33.285 INFO  [OutputReader-stderr] o.s.b.docker.compose.core.DockerCli -  Container server-redis-1 Starting 
2026-06-05 00:15:33.533 INFO  [OutputReader-stderr] o.s.b.docker.compose.core.DockerCli -  Container kafka Started 
2026-06-05 00:15:33.590 INFO  [OutputReader-stderr] o.s.b.docker.compose.core.DockerCli -  Container server-grafana-lgtm-1 Started 
2026-06-05 00:15:33.627 INFO  [OutputReader-stderr] o.s.b.docker.compose.core.DockerCli -  Container server-postgres-1 Started 
2026-06-05 00:15:33.656 INFO  [OutputReader-stderr] o.s.b.docker.compose.core.DockerCli -  Container server-redis-1 Started 
2026-06-05 00:15:33.657 INFO  [OutputReader-stderr] o.s.b.docker.compose.core.DockerCli -  Container kafka Waiting 
2026-06-05 00:15:33.657 INFO  [OutputReader-stderr] o.s.b.docker.compose.core.DockerCli -  Container server-grafana-lgtm-1 Waiting 
2026-06-05 00:15:33.657 INFO  [OutputReader-stderr] o.s.b.docker.compose.core.DockerCli -  Container server-postgres-1 Waiting 
2026-06-05 00:15:33.657 INFO  [OutputReader-stderr] o.s.b.docker.compose.core.DockerCli -  Container server-redis-1 Waiting 
2026-06-05 00:15:34.159 INFO  [OutputReader-stderr] o.s.b.docker.compose.core.DockerCli -  Container server-redis-1 Healthy 
2026-06-05 00:15:34.159 INFO  [OutputReader-stderr] o.s.b.docker.compose.core.DockerCli -  Container server-postgres-1 Healthy 
2026-06-05 00:15:34.159 INFO  [OutputReader-stderr] o.s.b.docker.compose.core.DockerCli -  Container kafka Healthy 
2026-06-05 00:16:04.158 INFO  [OutputReader-stderr] o.s.b.docker.compose.core.DockerCli -  Container server-grafana-lgtm-1 Healthy 
2026-06-05 00:16:06.531 INFO  [main] o.s.d.r.c.RepositoryConfigurationDelegate - Multiple Spring Data modules found, entering strict repository configuration mode
2026-06-05 00:16:06.533 INFO  [main] o.s.d.r.c.RepositoryConfigurationDelegate - Bootstrapping Spring Data JPA repositories in DEFAULT mode.
2026-06-05 00:16:06.654 INFO  [main] o.s.d.r.c.RepositoryConfigurationDelegate - Finished Spring Data repository scanning in 109 ms. Found 6 JPA repository interfaces.
2026-06-05 00:16:07.338 INFO  [main] o.s.boot.tomcat.TomcatWebServer - Tomcat initialized with port 5000 (http)
2026-06-05 00:16:07.350 INFO  [main] o.a.catalina.core.StandardService - Starting service [Tomcat]
2026-06-05 00:16:07.350 INFO  [main] o.a.catalina.core.StandardEngine - Starting Servlet engine: [Apache Tomcat/11.0.21]
2026-06-05 00:16:07.434 INFO  [main] o.s.b.w.c.s.WebApplicationContextInitializer - Root WebApplicationContext: initialization completed in 2152 ms
2026-06-05 00:16:07.743 INFO  [main] i.m.c.i.push.PushMeterRegistry - Publishing metrics for OtlpMeterRegistry every 1m to http://127.0.0.1:32779/v1/metrics with resource attributes {service.name=server}
2026-06-05 00:16:08.287 INFO  [main] org.flywaydb.core.FlywayExecutor - Database: jdbc:postgresql://127.0.0.1:5432/e2eeServer?ApplicationName=server (PostgreSQL 18.3)
2026-06-05 00:16:08.352 INFO  [main] o.f.core.internal.command.DbValidate - Successfully validated 2 migrations (execution time 00:00.023s)
2026-06-05 00:16:08.377 INFO  [main] o.f.core.internal.command.DbMigrate - Current version of schema "public": 1
2026-06-05 00:16:08.380 INFO  [main] o.f.core.internal.command.DbMigrate - Schema "public" is up to date. No migration necessary.
2026-06-05 00:16:08.476 INFO  [main] org.hibernate.orm.jpa - HHH008540: Processing PersistenceUnitInfo [name: default]
2026-06-05 00:16:08.539 INFO  [main] org.hibernate.orm.core - HHH000001: Hibernate ORM core version 7.2.12.Final
2026-06-05 00:16:08.942 INFO  [main] o.s.o.j.p.SpringPersistenceUnitInfo - No LoadTimeWeaver setup: ignoring JPA class transformer
2026-06-05 00:16:08.969 INFO  [main] com.zaxxer.hikari.HikariDataSource - HikariPool-1 - Starting...
2026-06-05 00:16:08.990 INFO  [main] com.zaxxer.hikari.pool.HikariPool - HikariPool-1 - Added connection org.postgresql.jdbc.PgConnection@753cfae3
2026-06-05 00:16:08.991 INFO  [main] com.zaxxer.hikari.HikariDataSource - HikariPool-1 - Start completed.
2026-06-05 00:16:09.013 WARN  [main] org.hibernate.orm.deprecation - HHH90000025: PostgreSQLDialect does not need to be specified explicitly using 'hibernate.dialect' (remove the property setting and it will be selected by default)
2026-06-05 00:16:09.031 INFO  [main] o.hibernate.orm.connections.pooling - HHH10001005: Database info:
	Database JDBC URL [jdbc:postgresql://127.0.0.1:5432/e2eeServer?ApplicationName=server]
	Database driver: PostgreSQL JDBC Driver
	Database dialect: PostgreSQLDialect
	Database version: 18.3
	Default catalog/schema: e2eeServer/public
	Autocommit mode: undefined/unknown
	Isolation level: READ_COMMITTED [default READ_COMMITTED]
	JDBC fetch size: none
	Pool: DataSourceConnectionProvider
	Minimum pool size: undefined/unknown
	Maximum pool size: undefined/unknown
2026-06-05 00:16:09.957 INFO  [main] org.hibernate.orm.core - HHH000489: No JTA platform available (set 'hibernate.transaction.jta.platform' to enable JTA platform integration)
2026-06-05 00:16:10.004 INFO  [main] o.s.o.j.LocalContainerEntityManagerFactoryBean - Initialized JPA EntityManagerFactory for persistence unit 'default'
2026-06-05 00:16:10.052 INFO  [main] o.s.d.j.r.q.QueryEnhancerFactories - Hibernate is in classpath; If applicable, HQL parser will be used.
2026-06-05 00:16:10.428 DEBUG [main] o.s.w.f.ServerHttpObservationFilter - Filter 'webMvcObservationFilter' configured for use
2026-06-05 00:16:10.428 DEBUG [main] server.jwt.JwtAuthFilter - Filter 'jwtAuthFilter' configured for use
2026-06-05 00:16:11.212 INFO  [main] o.s.s.c.a.a.c.InitializeUserDetailsBeanManagerConfigurer$InitializeUserDetailsManagerConfigurer - Global AuthenticationManager configured with UserDetailsService bean with name customUserDetailsService
2026-06-05 00:16:11.361 DEBUG [main] o.s.w.s.s.s.WebSocketHandlerMapping - Patterns [/ws] in 'stompWebSocketHandlerMapping'
2026-06-05 00:16:11.436 DEBUG [main] o.s.w.s.m.m.a.RequestMappingHandlerMapping - 15 mappings in 'requestMappingHandlerMapping'
2026-06-05 00:16:11.543 DEBUG [main] o.s.w.s.m.m.a.RequestMappingHandlerAdapter - ControllerAdvice beans: 0 @ModelAttribute, 0 @InitBinder, 2 RequestBodyAdvice, 1 ResponseBodyAdvice
2026-06-05 00:16:11.776 INFO  [main] c.n.g.d.s.ReloadableGraphQLSource - Rebuilding GraphQLSource
2026-06-05 00:16:11.786 INFO  [main] c.n.g.dgs.internal.DgsSchemaProvider - No schema files found, but a schema was provided as an TypeDefinitionRegistry
2026-06-05 00:16:12.090 INFO  [main] c.n.g.d.s.a.DgsSpringGraphQLAutoConfiguration - ***Schema Report***
Unmapped fields: [Query._service]
Unmapped registrations: {}
Unmapped arguments: []
Skipped types: []

2026-06-05 00:16:12.149 INFO  [main] o.s.b.g.a.s.GraphQlWebMvcAutoConfiguration - GraphQL endpoint HTTP POST /graphql
2026-06-05 00:16:12.160 DEBUG [main] o.s.w.s.f.s.RouterFunctionMapping - 1 RouterFunction(s) in 'routerFunctionMapping'
2026-06-05 00:16:12.176 DEBUG [main] o.s.w.s.h.SimpleUrlHandlerMapping - Patterns [/webjars/**, /**] in 'resourceHandlerMapping'
2026-06-05 00:16:12.711 INFO  [main] o.s.b.a.e.web.EndpointLinksResolver - Exposing 1 endpoint beneath base path '/actuator'
2026-06-05 00:16:12.729 DEBUG [main] o.s.s.web.DefaultSecurityFilterChain - Will secure any request with filters: DisableEncodeUrlFilter, WebAsyncManagerIntegrationFilter, SecurityContextHolderFilter, HeaderWriterFilter, CorsFilter, LogoutFilter, JwtAuthFilter, RequestCacheAwareFilter, SecurityContextHolderAwareRequestFilter, AnonymousAuthenticationFilter, SessionManagementFilter, ExceptionTranslationFilter, AuthorizationFilter
2026-06-05 00:16:12.759 DEBUG [main] o.s.w.s.m.WebSocketAnnotationMethodMessageHandler - 
	s.c.ChatController:
	{[MESSAGE],[/chat]}: processMessage(ChatRequest,Principal)
	{[MESSAGE],[/chat/delivered]}: markDelivered(DeliveryReceiptRequest,Principal)
	{[MESSAGE],[/chat/sync]}: syncPendingMessages(Principal)
2026-06-05 00:16:12.760 DEBUG [main] o.s.w.s.m.WebSocketAnnotationMethodMessageHandler - 
	s.k.KeyManagerController:
	
2026-06-05 00:16:12.761 DEBUG [main] o.s.w.s.m.WebSocketAnnotationMethodMessageHandler - 
	s.u.UserController:
	
2026-06-05 00:16:12.761 DEBUG [main] o.s.w.s.m.WebSocketAnnotationMethodMessageHandler - 
	o.s.b.w.a.e.BasicErrorController:
	
2026-06-05 00:16:12.844 DEBUG [main] o.s.w.s.m.m.a.ExceptionHandlerExceptionResolver - ControllerAdvice beans: 1 @ExceptionHandler, 1 ResponseBodyAdvice
2026-06-05 00:16:13.162 DEBUG [main] org.springframework.web.SimpLogging - clientOutboundChannel added SubProtocolWebSocketHandler[StompSubProtocolHandler[v10.stomp, v11.stomp, v12.stomp]]
2026-06-05 00:16:13.162 DEBUG [main] org.springframework.web.SimpLogging - clientInboundChannel added WebSocketAnnotationMethodMessageHandler[prefixes=[/app/]]
2026-06-05 00:16:13.162 INFO  [main] o.s.m.s.b.SimpleBrokerMessageHandler - Starting...
2026-06-05 00:16:13.163 DEBUG [main] org.springframework.web.SimpLogging - clientInboundChannel added SimpleBrokerMessageHandler [org.springframework.messaging.simp.broker.DefaultSubscriptionRegistry@a8c0c6d]
2026-06-05 00:16:13.163 DEBUG [main] org.springframework.web.SimpLogging - brokerChannel added SimpleBrokerMessageHandler [org.springframework.messaging.simp.broker.DefaultSubscriptionRegistry@a8c0c6d]
2026-06-05 00:16:13.163 INFO  [main] o.s.m.s.b.SimpleBrokerMessageHandler - BrokerAvailabilityEvent[available=true, SimpleBrokerMessageHandler [org.springframework.messaging.simp.broker.DefaultSubscriptionRegistry@a8c0c6d]]
2026-06-05 00:16:13.164 INFO  [main] o.s.m.s.b.SimpleBrokerMessageHandler - Started.
2026-06-05 00:16:13.164 DEBUG [main] org.springframework.web.SimpLogging - clientInboundChannel added UserDestinationMessageHandler[DefaultUserDestinationResolver[prefix=/user/]]
2026-06-05 00:16:13.164 DEBUG [main] org.springframework.web.SimpLogging - brokerChannel added UserDestinationMessageHandler[DefaultUserDestinationResolver[prefix=/user/]]
2026-06-05 00:16:13.176 INFO  [main] o.s.boot.tomcat.TomcatWebServer - Tomcat started on port 5000 (http) with context path '/'
2026-06-05 00:16:13.194 INFO  [main] server.ServerApplicationKt - Started ServerApplicationKt in 41.113 seconds (process running for 41.817)
2026-06-05 00:16:13.313 DEBUG [MessageBroker-1] org.hibernate.SQL - 
    select
        pm1_0.id,
        pm1_0.created_at,
        pm1_0.delivered_at,
        pm1_0.payload_json,
        pm1_0.receiver_id,
        pm1_0.sender_id,
        pm1_0.status 
    from
        pending_messages pm1_0 
    where
        pm1_0.status=? 
        and pm1_0.created_at<?
2026-06-05 00:16:13.314 TRACE [MessageBroker-1] org.hibernate.orm.jdbc.bind - binding parameter (1:VARCHAR) <- [SENT]
2026-06-05 00:16:13.315 TRACE [MessageBroker-1] org.hibernate.orm.jdbc.bind - binding parameter (2:TIMESTAMP) <- [2026-05-29T00:16:13.219274372]
2026-06-05 00:16:13.378 INFO  [RMI TCP Connection(3)-127.0.0.1] o.a.c.c.C.[Tomcat].[localhost].[/] - Initializing Spring DispatcherServlet 'dispatcherServlet'
2026-06-05 00:16:13.379 INFO  [RMI TCP Connection(3)-127.0.0.1] o.s.web.servlet.DispatcherServlet - Initializing Servlet 'dispatcherServlet'
2026-06-05 00:16:13.379 DEBUG [RMI TCP Connection(3)-127.0.0.1] o.s.web.servlet.DispatcherServlet - Detected StandardServletMultipartResolver
2026-06-05 00:16:13.379 DEBUG [RMI TCP Connection(3)-127.0.0.1] o.s.web.servlet.DispatcherServlet - Detected AcceptHeaderLocaleResolver
2026-06-05 00:16:13.383 DEBUG [RMI TCP Connection(3)-127.0.0.1] o.s.web.servlet.DispatcherServlet - Detected org.springframework.web.servlet.view.DefaultRequestToViewNameTranslator@6861e61a
2026-06-05 00:16:13.385 DEBUG [RMI TCP Connection(3)-127.0.0.1] o.s.web.servlet.DispatcherServlet - Detected org.springframework.web.servlet.support.SessionFlashMapManager@3b28695d
2026-06-05 00:16:13.385 DEBUG [RMI TCP Connection(3)-127.0.0.1] o.s.web.servlet.DispatcherServlet - enableLoggingRequestDetails='false': request parameters and headers will be masked to prevent unsafe logging of potentially sensitive data
2026-06-05 00:16:13.385 INFO  [RMI TCP Connection(3)-127.0.0.1] o.s.web.servlet.DispatcherServlet - Completed initialization in 6 ms
2026-06-05 00:16:48.363 DEBUG [http-nio-5000-exec-1] o.s.security.web.FilterChainProxy - Securing POST /api/v1/users/refresh
2026-06-05 00:16:48.372 DEBUG [http-nio-5000-exec-1] o.s.w.s.h.HandlerMappingIntrospector - Cache miss for REQUEST dispatch to '/api/v1/users/refresh' (previous null). Performing CorsConfiguration lookup. If there are repeated lookups per request, consider using HandlerMappingIntrospector#createCacheFilter()to create a Servlet Filter to set the cache for the request. This is logged once only at DEBUG level, and every time at TRACE.
2026-06-05 00:16:48.385 DEBUG [http-nio-5000-exec-1] o.s.s.w.a.AnonymousAuthenticationFilter - Set SecurityContextHolder to anonymous SecurityContext
2026-06-05 00:16:48.388 DEBUG [http-nio-5000-exec-1] o.s.security.web.FilterChainProxy - Secured POST /api/v1/users/refresh
2026-06-05 00:16:48.390 DEBUG [http-nio-5000-exec-1] o.s.web.servlet.DispatcherServlet - POST "/api/v1/users/refresh", parameters={}
2026-06-05 00:16:48.392 DEBUG [http-nio-5000-exec-1] o.s.w.s.m.m.a.RequestMappingHandlerMapping - Mapped to server.users.UserController#refresh(RefreshRequest)
2026-06-05 00:16:48.414 DEBUG [http-nio-5000-exec-1] o.s.w.s.m.m.a.RequestResponseBodyMethodProcessor - Read "application/json;charset=UTF-8" to [RefreshRequest(refreshToken=cbcaf5f3-9cd7-425c-be4e-5182933766bb)]
2026-06-05 00:16:48.446 DEBUG [http-nio-5000-exec-1] org.hibernate.SQL - 
    select
        rt1_0.id,
        rt1_0.created_at,
        rt1_0.expires_at,
        rt1_0.token,
        rt1_0.updated_at,
        rt1_0.user_id 
    from
        refresh_tokens rt1_0 
    where
        rt1_0.token=?
2026-06-05 00:16:48.446 TRACE [http-nio-5000-exec-1] org.hibernate.orm.jdbc.bind - binding parameter (1:VARCHAR) <- [cbcaf5f3-9cd7-425c-be4e-5182933766bb]
2026-06-05 00:16:48.465 DEBUG [http-nio-5000-exec-1] org.hibernate.SQL - 
    select
        u1_0.id,
        u1_0.avatar_url,
        u1_0.created_at,
        u1_0.email,
        u1_0.last_seen,
        u1_0.password,
        u1_0.updated_at,
        u1_0.username 
    from
        users u1_0 
    where
        u1_0.id=?
2026-06-05 00:16:48.465 TRACE [http-nio-5000-exec-1] org.hibernate.orm.jdbc.bind - binding parameter (1:BIGINT) <- [2]
2026-06-05 00:16:48.469 DEBUG [http-nio-5000-exec-1] org.hibernate.SQL - 
    select
        rt1_0.id,
        rt1_0.created_at,
        rt1_0.expires_at,
        rt1_0.token,
        rt1_0.updated_at,
        rt1_0.user_id 
    from
        refresh_tokens rt1_0 
    where
        rt1_0.token=?
2026-06-05 00:16:48.469 TRACE [http-nio-5000-exec-1] org.hibernate.orm.jdbc.bind - binding parameter (1:VARCHAR) <- [cbcaf5f3-9cd7-425c-be4e-5182933766bb]
2026-06-05 00:16:48.471 DEBUG [http-nio-5000-exec-1] org.hibernate.SQL - 
    select
        rt1_0.id,
        rt1_0.created_at,
        rt1_0.expires_at,
        rt1_0.token,
        rt1_0.updated_at,
        rt1_0.user_id 
    from
        refresh_tokens rt1_0 
    where
        rt1_0.id=?
2026-06-05 00:16:48.471 TRACE [http-nio-5000-exec-1] org.hibernate.orm.jdbc.bind - binding parameter (1:BIGINT) <- [14]
2026-06-05 00:16:48.489 DEBUG [http-nio-5000-exec-1] org.hibernate.SQL - 
    delete 
    from
        refresh_tokens 
    where
        id=?
2026-06-05 00:16:48.489 TRACE [http-nio-5000-exec-1] org.hibernate.orm.jdbc.bind - binding parameter (1:BIGINT) <- [14]
2026-06-05 00:16:48.547 DEBUG [http-nio-5000-exec-1] org.hibernate.SQL - 
    insert 
    into
        refresh_tokens
        (created_at, expires_at, token, updated_at, user_id) 
    values
        (?, ?, ?, ?, ?)
2026-06-05 00:16:48.548 TRACE [http-nio-5000-exec-1] org.hibernate.orm.jdbc.bind - binding parameter (1:TIMESTAMP) <- [2026-06-05T00:16:48.543091509]
2026-06-05 00:16:48.548 TRACE [http-nio-5000-exec-1] org.hibernate.orm.jdbc.bind - binding parameter (2:TIMESTAMP) <- [2026-06-12T00:16:48.543065650]
2026-06-05 00:16:48.548 TRACE [http-nio-5000-exec-1] org.hibernate.orm.jdbc.bind - binding parameter (3:VARCHAR) <- [c5bd78dd-ce35-4633-a4a0-0a69e75d476e]
2026-06-05 00:16:48.548 TRACE [http-nio-5000-exec-1] org.hibernate.orm.jdbc.bind - binding parameter (4:TIMESTAMP) <- [2026-06-05T00:16:48.543098362]
2026-06-05 00:16:48.548 TRACE [http-nio-5000-exec-1] org.hibernate.orm.jdbc.bind - binding parameter (5:BIGINT) <- [2]
2026-06-05 00:16:48.561 DEBUG [http-nio-5000-exec-1] o.s.w.s.m.m.a.HttpEntityMethodProcessor - Using 'application/json', given [*/*] and supported [application/json]
2026-06-05 00:16:48.562 DEBUG [http-nio-5000-exec-1] o.s.w.s.m.m.a.HttpEntityMethodProcessor - Writing [RefreshResponse(refreshToken=c5bd78dd-ce35-4633-a4a0-0a69e75d476e, accessToken=eyJhbGciOiJIUzI1NiJ9. (truncated)...]
2026-06-05 00:16:48.573 DEBUG [http-nio-5000-exec-1] o.s.web.servlet.DispatcherServlet - Completed 200 OK
2026-06-05 00:16:49.582 DEBUG [http-nio-5000-exec-2] o.s.security.web.FilterChainProxy - Securing GET /ws
2026-06-05 00:16:49.584 DEBUG [http-nio-5000-exec-2] o.s.s.w.a.AnonymousAuthenticationFilter - Set SecurityContextHolder to anonymous SecurityContext
2026-06-05 00:16:49.585 DEBUG [http-nio-5000-exec-2] o.s.security.web.FilterChainProxy - Secured GET /ws
2026-06-05 00:16:49.585 DEBUG [http-nio-5000-exec-2] o.s.web.servlet.DispatcherServlet - GET "/ws", parameters={}
2026-06-05 00:16:49.585 DEBUG [http-nio-5000-exec-2] o.s.w.s.s.s.WebSocketHandlerMapping - Mapped to org.springframework.web.socket.server.support.WebSocketHttpRequestHandler@f4c0c33
2026-06-05 00:16:49.587 DEBUG [http-nio-5000-exec-2] o.s.w.s.s.s.WebSocketHttpRequestHandler - GET /ws
2026-06-05 00:16:49.605 DEBUG [http-nio-5000-exec-2] o.s.web.servlet.DispatcherServlet - Completed 101 SWITCHING_PROTOCOLS
2026-06-05 00:16:49.613 DEBUG [http-nio-5000-exec-2] o.s.w.s.h.LoggingWebSocketHandlerDecorator - New StandardWebSocketSession[id=2aae9479-9d69-41b7-244f-b5d0196696e1, uri=ws://46.96.32.74:5000/ws]
2026-06-05 00:16:49.649 DEBUG [clientInboundChannel-2] org.springframework.web.SimpLogging - Processing CONNECT user=2 session=2aae9479-9d69-41b7-244f-b5d0196696e1
2026-06-05 00:16:49.678 DEBUG [clientInboundChannel-6] org.springframework.web.SimpLogging - Processing SUBSCRIBE destination=/queue/messages-user2aae9479-9d69-41b7-244f-b5d0196696e1 subscriptionId=sub-messages session=2aae9479-9d69-41b7-244f-b5d0196696e1 user=2 payload=byte[0]
2026-06-05 00:16:49.747 DEBUG [clientInboundChannel-9] org.springframework.web.SimpLogging - Processing SUBSCRIBE destination=/queue/message-status-user2aae9479-9d69-41b7-244f-b5d0196696e1 subscriptionId=sub-status session=2aae9479-9d69-41b7-244f-b5d0196696e1 user=2 payload=byte[0]
2026-06-05 00:16:49.747 DEBUG [clientInboundChannel-10] o.s.w.s.m.WebSocketAnnotationMethodMessageHandler - Searching methods to handle SEND /app/chat/sync session=2aae9479-9d69-41b7-244f-b5d0196696e1, lookupDestination='/chat/sync'
2026-06-05 00:16:49.750 DEBUG [clientInboundChannel-10] o.s.w.s.m.WebSocketAnnotationMethodMessageHandler - Invoking ChatController#syncPendingMessages[1 args]
2026-06-05 00:16:49.756 DEBUG [clientInboundChannel-10] org.hibernate.SQL - 
    select
        pm1_0.id,
        pm1_0.created_at,
        pm1_0.delivered_at,
        pm1_0.payload_json,
        pm1_0.receiver_id,
        pm1_0.sender_id,
        pm1_0.status 
    from
        pending_messages pm1_0 
    where
        pm1_0.receiver_id=? 
        and pm1_0.status=?
2026-06-05 00:16:49.757 TRACE [clientInboundChannel-10] org.hibernate.orm.jdbc.bind - binding parameter (1:VARCHAR) <- [2]
2026-06-05 00:16:49.757 TRACE [clientInboundChannel-10] org.hibernate.orm.jdbc.bind - binding parameter (2:VARCHAR) <- [SENT]
2026-06-05 00:17:05.393 DEBUG [clientInboundChannel-13] o.s.w.s.m.WebSocketAnnotationMethodMessageHandler - Searching methods to handle SEND /app/chat session=2aae9479-9d69-41b7-244f-b5d0196696e1 application/json payload={"messageId":"b1f5919d-f75a-43f1-8c80-43bddbe66114","senderId":"2","receiverId":...(truncated), lookupDestination='/chat'
2026-06-05 00:17:05.394 DEBUG [clientInboundChannel-13] o.s.w.s.m.WebSocketAnnotationMethodMessageHandler - Invoking ChatController#processMessage[2 args]
2026-06-05 00:17:05.416 DEBUG [clientInboundChannel-13] org.hibernate.SQL - 
    select
        count(*) 
    from
        users u1_0 
    where
        u1_0.id=?
2026-06-05 00:17:05.417 TRACE [clientInboundChannel-13] org.hibernate.orm.jdbc.bind - binding parameter (1:BIGINT) <- [2]
2026-06-05 00:17:05.418 DEBUG [clientInboundChannel-13] org.hibernate.SQL - 
    select
        count(*) 
    from
        users u1_0 
    where
        u1_0.id=?
2026-06-05 00:17:05.418 TRACE [clientInboundChannel-13] org.hibernate.orm.jdbc.bind - binding parameter (1:BIGINT) <- [3]
2026-06-05 00:17:05.420 DEBUG [clientInboundChannel-13] org.hibernate.SQL - 
    select
        pm1_0.id,
        pm1_0.created_at,
        pm1_0.delivered_at,
        pm1_0.payload_json,
        pm1_0.receiver_id,
        pm1_0.sender_id,
        pm1_0.status 
    from
        pending_messages pm1_0 
    where
        pm1_0.id=?
2026-06-05 00:17:05.420 TRACE [clientInboundChannel-13] org.hibernate.orm.jdbc.bind - binding parameter (1:VARCHAR) <- [b1f5919d-f75a-43f1-8c80-43bddbe66114]
2026-06-05 00:17:05.480 DEBUG [clientInboundChannel-13] org.hibernate.SQL - 
    insert 
    into
        pending_messages
        (created_at, delivered_at, payload_json, receiver_id, sender_id, status, id) 
    values
        (?, ?, ?, ?, ?, ?, ?)
2026-06-05 00:17:05.481 TRACE [clientInboundChannel-13] org.hibernate.orm.jdbc.bind - binding parameter (1:TIMESTAMP) <- [2026-06-05T00:17:05.419290556]
2026-06-05 00:17:05.481 TRACE [clientInboundChannel-13] org.hibernate.orm.jdbc.bind - binding parameter (2:TIMESTAMP) <- [null]
2026-06-05 00:17:05.481 TRACE [clientInboundChannel-13] org.hibernate.orm.jdbc.bind - binding parameter (3:JSON) <- [ChatMessage(messageId=b1f5919d-f75a-43f1-8c80-43bddbe66114, senderId=2, receiverId=3, messageType=RATCHET_MESSAGE, encodedMessage=ClRzCTNjhfrPoMGOlNHdmSMgfANg8TrhFlumM4rAoDJIfzeoy3ZAb8ruo9z7TxLyMIEpn4+AwfYG7E0bzeI8Bisu/tczqg33bNWkyr8lV+oorX5nUu8SIWjyl0DUt2IYhqDM1plInkpEsoOcFF4OUHIGdwKlus3/Pw==, createdAt=2026-06-05T00:17:05.094052)]
2026-06-05 00:17:05.481 TRACE [clientInboundChannel-13] org.hibernate.orm.jdbc.bind - binding parameter (4:VARCHAR) <- [3]
2026-06-05 00:17:05.482 TRACE [clientInboundChannel-13] org.hibernate.orm.jdbc.bind - binding parameter (5:VARCHAR) <- [2]
2026-06-05 00:17:05.482 TRACE [clientInboundChannel-13] org.hibernate.orm.jdbc.bind - binding parameter (6:VARCHAR) <- [SENT]
2026-06-05 00:17:05.482 TRACE [clientInboundChannel-13] org.hibernate.orm.jdbc.bind - binding parameter (7:VARCHAR) <- [b1f5919d-f75a-43f1-8c80-43bddbe66114]
2026-06-05 00:17:05.489 DEBUG [clientInboundChannel-13] org.springframework.web.SimpLogging - Processing MESSAGE destination=/queue/message-status-user2aae9479-9d69-41b7-244f-b5d0196696e1 session=null payload={"messageId":"b1f5919d-f75a-43f1-8c80-43bddbe66114","status":"SENT","reason":nul...(truncated)
2026-06-05 00:17:05.490 DEBUG [clientInboundChannel-13] org.springframework.web.SimpLogging - Broadcasting to 1 sessions.
2026-06-05 00:17:13.120 INFO  [MessageBroker-2] o.s.w.s.c.WebSocketMessageBrokerStats - WebSocketSession[1 current WS(1)-HttpStream(0)-HttpPoll(0), 1 total, 0 closed abnormally (0 connect failure, 0 send limit, 0 transport error)], stompSubProtocol[processed CONNECT(1)-CONNECTED(1)-DISCONNECT(0)], stompBrokerRelay[null], inboundChannel[pool size = 15, active threads = 0, queued tasks = 0, completed tasks = 15], outboundChannel[pool size = 2, active threads = 0, queued tasks = 0, completed tasks = 2], sockJsScheduler[pool size = 3, active threads = 1, queued tasks = 1, completed tasks = 1]
2026-06-05 00:17:13.193 DEBUG [MessageBroker-1] org.hibernate.SQL - 
    select
        pm1_0.id,
        pm1_0.created_at,
        pm1_0.delivered_at,
        pm1_0.payload_json,
        pm1_0.receiver_id,
        pm1_0.sender_id,
        pm1_0.status 
    from
        pending_messages pm1_0 
    where
        pm1_0.status=? 
        and pm1_0.created_at<?
2026-06-05 00:17:13.193 TRACE [MessageBroker-1] org.hibernate.orm.jdbc.bind - binding parameter (1:VARCHAR) <- [SENT]
2026-06-05 00:17:13.193 TRACE [MessageBroker-1] org.hibernate.orm.jdbc.bind - binding parameter (2:TIMESTAMP) <- [2026-05-29T00:17:13.192758412]
2026-06-05 00:17:22.792 DEBUG [clientInboundChannel-16] o.s.w.s.m.WebSocketAnnotationMethodMessageHandler - Searching methods to handle SEND /app/chat session=2aae9479-9d69-41b7-244f-b5d0196696e1 application/json payload={"messageId":"ff7e68d6-1f68-42ca-a278-4960ec09e202","senderId":"2","receiverId":...(truncated), lookupDestination='/chat'
2026-06-05 00:17:22.793 DEBUG [clientInboundChannel-16] o.s.w.s.m.WebSocketAnnotationMethodMessageHandler - Invoking ChatController#processMessage[2 args]
2026-06-05 00:17:22.795 DEBUG [clientInboundChannel-16] org.hibernate.SQL - 
    select
        count(*) 
    from
        users u1_0 
    where
        u1_0.id=?
2026-06-05 00:17:22.795 TRACE [clientInboundChannel-16] org.hibernate.orm.jdbc.bind - binding parameter (1:BIGINT) <- [2]
2026-06-05 00:17:22.796 DEBUG [clientInboundChannel-16] org.hibernate.SQL - 
    select
        count(*) 
    from
        users u1_0 
    where
        u1_0.id=?
2026-06-05 00:17:22.796 TRACE [clientInboundChannel-16] org.hibernate.orm.jdbc.bind - binding parameter (1:BIGINT) <- [1]
2026-06-05 00:17:22.797 DEBUG [clientInboundChannel-16] org.hibernate.SQL - 
    select
        pm1_0.id,
        pm1_0.created_at,
        pm1_0.delivered_at,
        pm1_0.payload_json,
        pm1_0.receiver_id,
        pm1_0.sender_id,
        pm1_0.status 
    from
        pending_messages pm1_0 
    where
        pm1_0.id=?
2026-06-05 00:17:22.797 TRACE [clientInboundChannel-16] org.hibernate.orm.jdbc.bind - binding parameter (1:VARCHAR) <- [ff7e68d6-1f68-42ca-a278-4960ec09e202]
2026-06-05 00:17:22.798 DEBUG [clientInboundChannel-16] org.hibernate.SQL - 
    insert 
    into
        pending_messages
        (created_at, delivered_at, payload_json, receiver_id, sender_id, status, id) 
    values
        (?, ?, ?, ?, ?, ?, ?)
2026-06-05 00:17:22.798 TRACE [clientInboundChannel-16] org.hibernate.orm.jdbc.bind - binding parameter (1:TIMESTAMP) <- [2026-06-05T00:17:22.796912572]
2026-06-05 00:17:22.798 TRACE [clientInboundChannel-16] org.hibernate.orm.jdbc.bind - binding parameter (2:TIMESTAMP) <- [null]
2026-06-05 00:17:22.798 TRACE [clientInboundChannel-16] org.hibernate.orm.jdbc.bind - binding parameter (3:JSON) <- [ChatMessage(messageId=ff7e68d6-1f68-42ca-a278-4960ec09e202, senderId=2, receiverId=1, messageType=RATCHET_MESSAGE, encodedMessage=ClSFpdhRLahnMOYhCwc7uOmq7G2o5zplefQx6itm1buBBaDzhaQUYhiqQtWU43nqcIm1MdoYs5KHEG7RoqdZAgIhJPT1qplARx8FQcychkJew2FetnQSIJZpVHW7qEyGfByCRXayHFdS8VxWpgZ5xtXR5yZWM6k3, createdAt=2026-06-05T00:17:22.529177)]
2026-06-05 00:17:22.799 TRACE [clientInboundChannel-16] org.hibernate.orm.jdbc.bind - binding parameter (4:VARCHAR) <- [1]
2026-06-05 00:17:22.799 TRACE [clientInboundChannel-16] org.hibernate.orm.jdbc.bind - binding parameter (5:VARCHAR) <- [2]
2026-06-05 00:17:22.799 TRACE [clientInboundChannel-16] org.hibernate.orm.jdbc.bind - binding parameter (6:VARCHAR) <- [SENT]
2026-06-05 00:17:22.799 TRACE [clientInboundChannel-16] org.hibernate.orm.jdbc.bind - binding parameter (7:VARCHAR) <- [ff7e68d6-1f68-42ca-a278-4960ec09e202]
2026-06-05 00:17:22.801 DEBUG [clientInboundChannel-16] org.springframework.web.SimpLogging - Processing MESSAGE destination=/queue/message-status-user2aae9479-9d69-41b7-244f-b5d0196696e1 session=null payload={"messageId":"ff7e68d6-1f68-42ca-a278-4960ec09e202","status":"SENT","reason":nul...(truncated)
2026-06-05 00:17:22.802 DEBUG [clientInboundChannel-16] org.springframework.web.SimpLogging - Broadcasting to 1 sessions.
2026-06-05 00:17:52.421 DEBUG [http-nio-5000-exec-9] o.s.w.s.h.LoggingWebSocketHandlerDecorator - Transport error in StandardWebSocketSession[id=2aae9479-9d69-41b7-244f-b5d0196696e1, uri=ws://46.96.32.74:5000/ws]
java.net.SocketException: Connection reset
	at java.base/sun.nio.ch.SocketChannelImpl.throwConnectionReset(SocketChannelImpl.java:399)
	at java.base/sun.nio.ch.SocketChannelImpl.implRead(SocketChannelImpl.java:431)
	at java.base/sun.nio.ch.SocketChannelImpl.read(SocketChannelImpl.java:489)
	at org.apache.tomcat.util.net.NioChannel.read(NioChannel.java:154)
	at org.apache.tomcat.util.net.NioEndpoint$NioSocketWrapper.fillReadBuffer(NioEndpoint.java:1337)
	at org.apache.tomcat.util.net.NioEndpoint$NioSocketWrapper.read(NioEndpoint.java:1223)
	at org.apache.tomcat.websocket.server.WsFrameServer.onDataAvailable(WsFrameServer.java:74)
	at org.apache.tomcat.websocket.server.WsFrameServer.doOnDataAvailable(WsFrameServer.java:184)
	at org.apache.tomcat.websocket.server.WsFrameServer.notifyDataAvailable(WsFrameServer.java:164)
	at org.apache.tomcat.websocket.server.WsHttpUpgradeHandler.upgradeDispatch(WsHttpUpgradeHandler.java:152)
	at org.apache.coyote.http11.upgrade.UpgradeProcessorInternal.dispatch(UpgradeProcessorInternal.java:60)
	at org.apache.coyote.AbstractProcessorLight.process(AbstractProcessorLight.java:57)
	at org.apache.coyote.AbstractProtocol$ConnectionHandler.process(AbstractProtocol.java:903)
	at org.apache.tomcat.util.net.NioEndpoint$SocketProcessor.doRun(NioEndpoint.java:1801)
	at org.apache.tomcat.util.net.SocketProcessorBase.run(SocketProcessorBase.java:52)
	at org.apache.tomcat.util.threads.ThreadPoolExecutor.runWorker(ThreadPoolExecutor.java:946)
	at org.apache.tomcat.util.threads.ThreadPoolExecutor$Worker.run(ThreadPoolExecutor.java:480)
	at org.apache.tomcat.util.threads.TaskThread$WrappingRunnable.run(TaskThread.java:57)
	at java.base/java.lang.Thread.run(Thread.java:1474)
2026-06-05 00:17:52.430 DEBUG [http-nio-5000-exec-9] o.s.w.s.h.LoggingWebSocketHandlerDecorator - StandardWebSocketSession[id=2aae9479-9d69-41b7-244f-b5d0196696e1, uri=ws://46.96.32.74:5000/ws] closed with CloseStatus[code=1006, reason=Connection reset]
2026-06-05 00:17:52.430 DEBUG [http-nio-5000-exec-9] o.s.w.s.m.SubProtocolWebSocketHandler - Clearing session 2aae9479-9d69-41b7-244f-b5d0196696e1
2026-06-05 00:17:52.431 DEBUG [clientInboundChannel-20] org.springframework.web.SimpLogging - Processing DISCONNECT session=2aae9479-9d69-41b7-244f-b5d0196696e1
2026-06-05 00:17:52.432 DEBUG [clientOutboundChannel-4] o.s.w.s.m.SubProtocolWebSocketHandler - No session for GenericMessage [payload=byte[0], headers={simpMessageType=DISCONNECT_ACK, simpDisconnectMessage=GenericMessage [payload=byte[0], headers={simpMessageType=DISCONNECT, stompCommand=DISCONNECT, simpSessionAttributes={org.springframework.messaging.simp.SimpAttributes.COMPLETED=true}, simpUser=server.ws.StompPrincipal@308532e5, simpSessionId=2aae9479-9d69-41b7-244f-b5d0196696e1}], simpUser=server.ws.StompPrincipal@308532e5, simpSessionId=2aae9479-9d69-41b7-244f-b5d0196696e1}]
2026-06-05 00:17:56.374 INFO  [SpringApplicationShutdownHook] o.s.boot.tomcat.GracefulShutdown - Commencing graceful shutdown. Waiting for active requests to complete
2026-06-05 00:17:56.375 INFO  [tomcat-shutdown] o.s.boot.tomcat.GracefulShutdown - Graceful shutdown complete
2026-06-05 00:17:56.376 DEBUG [SpringApplicationShutdownHook] org.springframework.web.SimpLogging - clientOutboundChannel removed SubProtocolWebSocketHandler[StompSubProtocolHandler[v10.stomp, v11.stomp, v12.stomp]]
2026-06-05 00:17:56.376 DEBUG [SpringApplicationShutdownHook] org.springframework.web.SimpLogging - clientInboundChannel removed WebSocketAnnotationMethodMessageHandler[prefixes=[/app/]]
2026-06-05 00:17:56.376 INFO  [SpringApplicationShutdownHook] o.s.m.s.b.SimpleBrokerMessageHandler - Stopping...
2026-06-05 00:17:56.376 INFO  [SpringApplicationShutdownHook] o.s.m.s.b.SimpleBrokerMessageHandler - BrokerAvailabilityEvent[available=false, SimpleBrokerMessageHandler [org.springframework.messaging.simp.broker.DefaultSubscriptionRegistry@a8c0c6d]]
2026-06-05 00:17:56.376 DEBUG [SpringApplicationShutdownHook] org.springframework.web.SimpLogging - clientInboundChannel removed SimpleBrokerMessageHandler [org.springframework.messaging.simp.broker.DefaultSubscriptionRegistry@a8c0c6d]
2026-06-05 00:17:56.376 DEBUG [SpringApplicationShutdownHook] org.springframework.web.SimpLogging - brokerChannel removed SimpleBrokerMessageHandler [org.springframework.messaging.simp.broker.DefaultSubscriptionRegistry@a8c0c6d]
2026-06-05 00:17:56.376 INFO  [SpringApplicationShutdownHook] o.s.m.s.b.SimpleBrokerMessageHandler - Stopped.
2026-06-05 00:17:56.376 DEBUG [SpringApplicationShutdownHook] org.springframework.web.SimpLogging - clientInboundChannel removed UserDestinationMessageHandler[DefaultUserDestinationResolver[prefix=/user/]]
2026-06-05 00:17:56.377 DEBUG [SpringApplicationShutdownHook] org.springframework.web.SimpLogging - brokerChannel removed UserDestinationMessageHandler[DefaultUserDestinationResolver[prefix=/user/]]
2026-06-05 00:17:56.401 INFO  [SpringApplicationShutdownHook] o.s.o.j.LocalContainerEntityManagerFactoryBean - Closing JPA EntityManagerFactory for persistence unit 'default'
2026-06-05 00:17:56.403 INFO  [SpringApplicationShutdownHook] com.zaxxer.hikari.HikariDataSource - HikariPool-1 - Shutdown initiated...
2026-06-05 00:17:56.406 INFO  [SpringApplicationShutdownHook] com.zaxxer.hikari.HikariDataSource - HikariPool-1 - Shutdown completed.
